<?xml version="1.0" encoding="UTF-8"?>
<!-- Generated by org.testng.reporters.JUnitReportReporter -->
<testsuite skipped="1" hostname="DESKTOP-BRRH2CJ" name="com.wip.test.LoginPageTest" tests="5" failures="1" timestamp="22 Apr 2020 12:14:21 GMT" time="193.032" errors="0">
  <testcase name="verifyEndtoEndFlowOfPurchasingtheProduct" time="53.258" classname="com.wip.test.LoginPageTest"/>
  <testcase name="verifySuccessfullLoginFunctionality" time="16.881" classname="com.wip.test.LoginPageTest"/>
  <testcase name="verifyInvalidLoginFunctionality" time="18.329" classname="com.wip.test.LoginPageTest"/>
  <testcase name="verifyTheScreenCaptureFunctionalityForFailedCase" time="0.016" classname="com.wip.test.LoginPageTest">
    <failure type="java.lang.AssertionError" message="Title of the Page is not Matching expected [JB Hi-Fi - Australia&#039;s Largest Home Entertainment Retailer] but found [Account]">
      <![CDATA[java.lang.AssertionError: Title of the Page is not Matching expected [JB Hi-Fi - Australia's Largest Home Entertainment Retailer] but found [Account]
	at org.testng.Assert.fail(Assert.java:93)
	at org.testng.Assert.failNotEquals(Assert.java:512)
	at org.testng.Assert.assertEqualsImpl(Assert.java:134)
	at org.testng.Assert.assertEquals(Assert.java:115)
	at org.testng.Assert.assertEquals(Assert.java:189)
	at com.wip.pages.Homepage.verifyHomePageTitle(Homepage.java:38)
	at com.wip.test.LoginPageTest.verifyTheScreenCaptureFunctionalityForFailedCase(LoginPageTest.java:229)
	at sun.reflect.NativeMethodAccessorImpl.invoke0(Native Method)
	at sun.reflect.NativeMethodAccessorImpl.invoke(Unknown Source)
	at sun.reflect.DelegatingMethodAccessorImpl.invoke(Unknown Source)
	at java.lang.reflect.Method.invoke(Unknown Source)
	at org.testng.internal.MethodInvocationHelper.invokeMethod(MethodInvocationHelper.java:108)
	at org.testng.internal.Invoker.invokeMethod(Invoker.java:661)
	at org.testng.internal.Invoker.retryFailed(Invoker.java:1014)
	at org.testng.internal.Invoker.invokeTestMethods(Invoker.java:1215)
	at org.testng.internal.TestMethodWorker.invokeTestMethods(TestMethodWorker.java:126)
	at org.testng.internal.TestMethodWorker.run(TestMethodWorker.java:109)
	at org.testng.TestRunner.privateRun(TestRunner.java:744)
	at org.testng.TestRunner.run(TestRunner.java:602)
	at org.testng.SuiteRunner.runTest(SuiteRunner.java:380)
	at org.testng.SuiteRunner.runSequentially(SuiteRunner.java:375)
	at org.testng.SuiteRunner.privateRun(SuiteRunner.java:340)
	at org.testng.SuiteRunner.run(SuiteRunner.java:289)
	at org.testng.SuiteRunnerWorker.runSuite(SuiteRunnerWorker.java:52)
	at org.testng.SuiteRunnerWorker.run(SuiteRunnerWorker.java:86)
	at org.testng.TestNG.runSuitesSequentially(TestNG.java:1301)
	at org.testng.TestNG.runSuitesLocally(TestNG.java:1226)
	at org.testng.TestNG.runSuites(TestNG.java:1144)
	at org.testng.TestNG.run(TestNG.java:1115)
	at org.testng.remote.AbstractRemoteTestNG.run(AbstractRemoteTestNG.java:114)
	at org.testng.remote.RemoteTestNG.initAndRun(RemoteTestNG.java:251)
	at org.testng.remote.RemoteTestNG.main(RemoteTestNG.java:77)
]]>
    </failure>
  </testcase> <!-- verifyTheScreenCaptureFunctionalityForFailedCase -->
  <testcase name="verifyTheScreenCaptureFunctionalityForFailedCase" time="104.548" classname="com.wip.test.LoginPageTest">
    <skipped/>
  </testcase> <!-- verifyTheScreenCaptureFunctionalityForFailedCase -->
</testsuite> <!-- com.wip.test.LoginPageTest -->
